<?xml version="1.0" encoding="UTF-8"?>
<testng-results ignored="0" total="1" passed="1" failed="0" skipped="0">
  <reporter-output>
  </reporter-output>
  <suite started-at="2026-04-27T22:30:11 IST" name="Default suite" finished-at="2026-04-27T22:30:29 IST" duration-ms="17760">
    <groups>
    </groups>
    <test started-at="2026-04-27T22:30:11 IST" name="Default test" finished-at="2026-04-27T22:30:29 IST" duration-ms="17760">
      <class name="com.tests.DemoTest">
        <test-method is-config="true" signature="beforeTest()[pri:0, instance:com.tests.DemoTest@2d3379b4]" started-at="2026-04-27T22:30:11 IST" name="beforeTest" finished-at="2026-04-27T22:30:21 IST" duration-ms="9479" status="PASS">
          <reporter-output>
          </reporter-output>
        </test-method> <!-- beforeTest -->
        <test-method signature="loginTest()[pri:0, instance:com.tests.DemoTest@2d3379b4]" started-at="2026-04-27T22:30:21 IST" name="loginTest" finished-at="2026-04-27T22:30:29 IST" duration-ms="7760" status="PASS">
          <reporter-output>
          </reporter-output>
        </test-method> <!-- loginTest -->
        <test-method is-config="true" signature="afterTest()[pri:0, instance:com.tests.DemoTest@2d3379b4]" started-at="2026-04-27T22:30:29 IST" name="afterTest" finished-at="2026-04-27T22:30:29 IST" duration-ms="480" status="PASS">
          <reporter-output>
          </reporter-output>
        </test-method> <!-- afterTest -->
      </class> <!-- com.tests.DemoTest -->
    </test> <!-- Default test -->
  </suite> <!-- Default suite -->
</testng-results>
